<?xml version="1.0" encoding="utf-8"?><testsuites name="pytest tests"><testsuite name="pytest" errors="0" failures="0" skipped="0" tests="46" time="2.904" timestamp="2026-05-17T10:21:09.107797+08:00" hostname="DESKTOP-PKE2F87"><testcase classname="tests.test_answers_api.TestAnswersAPI" name="test_submit_correct_answer" time="0.607" /><testcase classname="tests.test_answers_api.TestAnswersAPI" name="test_submit_wrong_answer_records_wrong" time="0.042" /><testcase classname="tests.test_answers_api.TestAnswersAPI" name="test_submit_nonexistent_question" time="0.005" /><testcase classname="tests.test_answers_api.TestAnswersAPI" name="test_answer_stats" time="0.175" /><testcase classname="tests.test_api_health.TestHealthEndpoints" name="test_root_returns_api_info" time="0.003" /><testcase classname="tests.test_api_health.TestHealthEndpoints" name="test_health_returns_ok" time="0.003" /><testcase classname="tests.test_auth_api.TestAuthHelpers" name="test_hash_password_is_sha256_hex" time="0.001" /><testcase classname="tests.test_auth_api.TestAuthHelpers" name="test_generate_verification_code_length" time="0.001" /><testcase classname="tests.test_auth_api.TestAuthAPI" name="test_register_success" time="0.123" /><testcase classname="tests.test_auth_api.TestAuthAPI" name="test_register_duplicate_username" time="0.123" /><testcase classname="tests.test_auth_api.TestAuthAPI" name="test_login_success" time="0.124" /><testcase classname="tests.test_auth_api.TestAuthAPI" name="test_login_wrong_password" time="0.124" /><testcase classname="tests.test_auth_api.TestAuthAPI" name="test_login_nonexistent_user" time="0.003" /><testcase classname="tests.test_auth_api.TestAuthAPI" name="test_get_me_returns_user_shape" time="0.124" /><testcase classname="tests.test_auth_api.TestAuthAPI" name="test_get_current_user_full" time="0.129" /><testcase classname="tests.test_auth_api.TestAuthAPI" name="test_send_and_login_with_code" time="0.129" /><testcase classname="tests.test_auth_api.TestAuthAPI" name="test_login_code_invalid" time="0.127" /><testcase classname="tests.test_classifier.TestClassifierParseJson" name="test_parse_valid_json" time="0.001" /><testcase classname="tests.test_classifier.TestClassifierParseJson" name="test_parse_json_embedded_in_text" time="0.001" /><testcase classname="tests.test_classifier.TestClassifierParseJson" name="test_parse_invalid_returns_fallback" time="0.001" /><testcase classname="tests.test_classifier.TestClassifierClassify" name="test_classify_success_mocked" time="0.012" /><testcase classname="tests.test_classifier.TestClassifierClassify" name="test_classify_api_failure_returns_fallback" time="0.004" /><testcase classname="tests.test_database_sql.TestSqliteToMysqlConversion" name="test_placeholder_conversion" time="0.002" /><testcase classname="tests.test_database_sql.TestSqliteToMysqlConversion" name="test_date_now_conversion" time="0.001" /><testcase classname="tests.test_database_sql.TestSqliteToMysqlConversion" name="test_datetime_days_conversion" time="0.001" /><testcase classname="tests.test_database_sql.TestSqliteToMysqlConversion" name="test_on_conflict_conversion" time="0.001" /><testcase classname="tests.test_database_sql.TestSqliteToMysqlConversion" name="test_autoincrement_conversion" time="0.001" /><testcase classname="tests.test_database_sql.TestSqliteToMysqlConversion" name="test_plain_sql_unchanged" time="0.001" /><testcase classname="tests.test_knowledge_service.TestKnowledgeService" name="test_create_get_update_delete" time="0.044" /><testcase classname="tests.test_knowledge_service.TestKnowledgeService" name="test_create_duplicate_code_raises" time="0.015" /><testcase classname="tests.test_knowledge_service.TestKnowledgeAPI" name="test_list_knowledge_points" time="0.019" /><testcase classname="tests.test_knowledge_service.TestKnowledgeAPI" name="test_get_knowledge_by_code" time="0.018" /><testcase classname="tests.test_knowledge_service.TestKnowledgeAPI" name="test_get_nonexistent_knowledge_returns_404" time="0.004" /><testcase classname="tests.test_learning_api.TestLearningAPI" name="test_learning_status_empty_db_defaults" time="0.010" /><testcase classname="tests.test_learning_api.TestLearningAPI" name="test_learning_status_with_user_and_kp" time="0.141" /><testcase classname="tests.test_learning_api.TestLearningAPI" name="test_get_current_knowledge" time="0.018" /><testcase classname="tests.test_learning_api.TestLearningAPI" name="test_select_unit" time="0.030" /><testcase classname="tests.test_learning_api.TestLearningAPI" name="test_mastery_endpoint" time="0.018" /><testcase classname="tests.test_questions_service.TestQuestionService" name="test_create_and_get_by_id" time="0.014" /><testcase classname="tests.test_questions_service.TestQuestionService" name="test_list_all_with_filter" time="0.015" /><testcase classname="tests.test_questions_service.TestQuestionService" name="test_update_and_delete" time="0.043" /><testcase classname="tests.test_questions_service.TestQuestionService" name="test_batch_import" time="0.024" /><testcase classname="tests.test_questions_service.TestQuestionService" name="test_get_stats" time="0.006" /><testcase classname="tests.test_questions_service.TestQuestionsAPI" name="test_create_question_via_api" time="0.015" /><testcase classname="tests.test_questions_service.TestQuestionsAPI" name="test_list_questions_pagination" time="0.020" /><testcase classname="tests.test_questions_service.TestQuestionsAPI" name="test_get_questions_by_knowledge_id_returns_data" time="0.008" /></testsuite></testsuites>